<?xml version="1.0" encoding="UTF-8"?>
<!-- Generated by org.testng.reporters.JUnitReportReporter -->
<testsuite hostname="NODE212" name="com.company.test" tests="1" failures="0" timestamp="7 Nov 2014 06:15:31 GMT" time="0.010" errors="0">
  <testcase name="mytest" time="0.010" classname="com.company.test"/>
</testsuite> <!-- com.company.test -->
